<?xml version="1.0" encoding="UTF-8"?>
<!-- Generated by org.testng.reporters.JUnitReportReporter -->
<testsuite hostname="DESKTOP-GMUQ901" failures="0" tests="1" name="com.acttime.qa.testcases.Customerpagetest" time="35.058" errors="0" timestamp="04 Oct 2019 07:14:24 GMT" skipped="0">
  <testcase classname="com.acttime.qa.testcases.Customerpagetest" name="customerpage" time="35.058"/>
</testsuite> <!-- com.acttime.qa.testcases.Customerpagetest -->
